<?xml version="1.0" encoding="UTF-8"?>
<!-- Generated by org.testng.reporters.JUnitReportReporter -->
<testsuite skipped="0" hostname="DESKTOP-1BDQC6B" name="runners.PositiveTest" tests="1" failures="0" timestamp="2021-06-27T01:20:58 IST" time="41.511" errors="0">
  <testcase name="runScenario" time="41.511" classname="runners.PositiveTest"/>
  <system-out/>
</testsuite> <!-- runners.PositiveTest -->
